<?xml version="1.0" encoding="UTF-8"?>
<!-- Generated by org.testng.reporters.JUnitReportReporter -->
<testsuite hostname="DESKTOP-6MCO3NS" failures="0" tests="1" name="com.qa.opencart.tests.ProductPageInfoTest" time="7.830" errors="0" timestamp="2023-06-01T17:27:02 IST" skipped="0">
  <testcase classname="com.qa.opencart.tests.ProductPageInfoTest" name="addTocartTest" time="7.830"/>
  <system-out/>
</testsuite> <!-- com.qa.opencart.tests.ProductPageInfoTest -->
