<?xml version="1.0" encoding="UTF-8"?>
<!-- Generated by org.testng.reporters.JUnitReportReporter -->
<testsuite hostname="DESKTOP-6MCO3NS" failures="0" tests="4" name="com.qa.opencart.tests.LoginPageTest" time="2.400" errors="0" timestamp="2023-05-17T13:46:36 IST" skipped="0">
  <testcase classname="com.qa.opencart.tests.LoginPageTest" name="verifyLoginPageTilteTest" time="0.269"/>
  <system-out/>
  <testcase classname="com.qa.opencart.tests.LoginPageTest" name="verifyLoginUrlTest" time="0.038"/>
  <system-out/>
  <testcase classname="com.qa.opencart.tests.LoginPageTest" name="forgotPasswordlinkExistTest" time="0.343"/>
  <system-out/>
  <testcase classname="com.qa.opencart.tests.LoginPageTest" name="dologinTest" time="1.750"/>
  <system-out/>
</testsuite> <!-- com.qa.opencart.tests.LoginPageTest -->
