<?xml version="1.0" encoding="UTF-8"?>
<!-- Generated by org.testng.reporters.JUnitReportReporter -->
<testsuite hostname="DESKTOP-6MCO3NS" failures="0" tests="4" name="com.qa.opencart.tests.LoginPageTest" time="2.152" errors="0" timestamp="16 May 2023 07:37:18 GMT" skipped="0">
  <testcase classname="com.qa.opencart.tests.LoginPageTest" name="verifyLoginPageTilteTest" time="0.150"/>
  <testcase classname="com.qa.opencart.tests.LoginPageTest" name="verifyLoginUrlTest" time="0.022"/>
  <testcase classname="com.qa.opencart.tests.LoginPageTest" name="forgotPasswordlinkExistTest" time="0.245"/>
  <testcase classname="com.qa.opencart.tests.LoginPageTest" name="dologinTest" time="1.735"/>
</testsuite> <!-- com.qa.opencart.tests.LoginPageTest -->
